<?xml version="1.0" encoding="UTF-8"?>
<testng-results ignored="0" total="1" passed="1" failed="0" skipped="0">
  <reporter-output>
  </reporter-output>
  <suite started-at="2026-05-08T19:34:28 PST" name="Default suite" finished-at="2026-05-08T19:34:35 PST" duration-ms="7481">
    <groups>
    </groups>
    <test started-at="2026-05-08T19:34:28 PST" name="Default test" finished-at="2026-05-08T19:34:35 PST" duration-ms="7481">
      <class name="graphQL.GraphQL">
        <test-method signature="graphQLsample()[pri:0, instance:graphQL.GraphQL@57a3af25]" started-at="2026-05-08T19:34:28 PST" name="graphQLsample" finished-at="2026-05-08T19:34:35 PST" duration-ms="7396" status="PASS">
          <reporter-output>
          </reporter-output>
        </test-method> <!-- graphQLsample -->
      </class> <!-- graphQL.GraphQL -->
    </test> <!-- Default test -->
  </suite> <!-- Default suite -->
</testng-results>
