<?xml version="1.0" encoding="UTF-8"?>
<testng-results ignored="0" total="3" passed="3" failed="0" skipped="0">
  <reporter-output>
  </reporter-output>
  <suite started-at="2026-05-06T21:48:38 PST" name="Default suite" finished-at="2026-05-06T21:48:43 PST" duration-ms="5268">
    <groups>
    </groups>
    <test started-at="2026-05-06T21:48:38 PST" name="Default test" finished-at="2026-05-06T21:48:43 PST" duration-ms="5268">
      <class name="RestAssuredExamples.DynamicJson">
        <test-method signature="addBook(java.lang.String,java.lang.String)[pri:0, instance:RestAssuredExamples.DynamicJson@72967906]" started-at="2026-05-06T21:48:38 PST" name="addBook" data-provider="getBookData" finished-at="2026-05-06T21:48:42 PST" duration-ms="3948" status="PASS">
          <params>
            <param index="0">
              <value>
                <![CDATA[qwerty]]>
              </value>
            </param>
            <param index="1">
              <value>
                <![CDATA[12345]]>
              </value>
            </param>
          </params>
          <reporter-output>
          </reporter-output>
        </test-method> <!-- addBook -->
        <test-method signature="addBook(java.lang.String,java.lang.String)[pri:0, instance:RestAssuredExamples.DynamicJson@72967906]" started-at="2026-05-06T21:48:42 PST" name="addBook" data-provider="getBookData" finished-at="2026-05-06T21:48:42 PST" duration-ms="653" status="PASS">
          <params>
            <param index="0">
              <value>
                <![CDATA[ytrewq]]>
              </value>
            </param>
            <param index="1">
              <value>
                <![CDATA[54321]]>
              </value>
            </param>
          </params>
          <reporter-output>
          </reporter-output>
        </test-method> <!-- addBook -->
        <test-method signature="addBook(java.lang.String,java.lang.String)[pri:0, instance:RestAssuredExamples.DynamicJson@72967906]" started-at="2026-05-06T21:48:42 PST" name="addBook" data-provider="getBookData" finished-at="2026-05-06T21:48:43 PST" duration-ms="572" status="PASS">
          <params>
            <param index="0">
              <value>
                <![CDATA[poiuyt]]>
              </value>
            </param>
            <param index="1">
              <value>
                <![CDATA[09876]]>
              </value>
            </param>
          </params>
          <reporter-output>
          </reporter-output>
        </test-method> <!-- addBook -->
      </class> <!-- RestAssuredExamples.DynamicJson -->
    </test> <!-- Default test -->
  </suite> <!-- Default suite -->
</testng-results>
