<?xml version="1.0" encoding="UTF-8"?>
<!-- Generated by org.testng.reporters.JUnitReportReporter -->
<testsuite hostname="CatherineAbello" failures="0" tests="3" name="RestAssuredExamples.DynamicJson" time="5.173" errors="0" timestamp="2026-05-06T21:48:43 PST" skipped="0">
  <testcase classname="RestAssuredExamples.DynamicJson" name="addBook" time="3.948"/>
  <testcase classname="RestAssuredExamples.DynamicJson" name="addBook" time="0.653"/>
  <testcase classname="RestAssuredExamples.DynamicJson" name="addBook" time="0.572"/>
</testsuite> <!-- RestAssuredExamples.DynamicJson -->
